Build started 11/7/2013 7:26:03 PM.
     1>Project "c:\Users\anand kumar\documents\visual studio 2010\Projects\cocubes2\cocubes2\cocubes2.vcxproj" on node 2 (build target(s)).
     1>InitializeBuildStatus:
         Touching "Debug\cocubes2.unsuccessfulbuild".
       ClCompile:
         All outputs are up-to-date.
         C:\Program Files (x86)\Microsoft Visual Studio 10.0\VC\bin\CL.exe /c /ZI /nologo /W3 /WX- /Od /Oy- /D WIN32 /D _DEBUG /D _CONSOLE /D _UNICODE /D UNICODE /Gm /EHsc /RTC1 /MDd /GS /fp:precise /Zc:wchar_t /Zc:forScope /Yu"StdAfx.h" /Fp"Debug\cocubes2.pch" /Fo"Debug\\" /Fd"Debug\vc100.pdb" /Gd /TP /analyze- /errorReport:prompt cocubes2.cpp
         cocubes2.cpp
     1>c:\users\anand kumar\documents\visual studio 2010\projects\cocubes2\cocubes2\cocubes2.cpp(2): warning C4627: '#include <stdlib.h>': skipped when looking for precompiled header use
                 Add directive to 'StdAfx.h' or rebuild precompiled header
     1>c:\users\anand kumar\documents\visual studio 2010\projects\cocubes2\cocubes2\cocubes2.cpp(3): warning C4627: '#include <assert.h>': skipped when looking for precompiled header use
                 Add directive to 'StdAfx.h' or rebuild precompiled header
     1>c:\users\anand kumar\documents\visual studio 2010\projects\cocubes2\cocubes2\cocubes2.cpp(4): warning C4627: '#include <string.h>': skipped when looking for precompiled header use
                 Add directive to 'StdAfx.h' or rebuild precompiled header
     1>c:\users\anand kumar\documents\visual studio 2010\projects\cocubes2\cocubes2\cocubes2.cpp(69): fatal error C1010: unexpected end of file while looking for precompiled header. Did you forget to add '#include "StdAfx.h"' to your source?
     1>Done Building Project "c:\Users\anand kumar\documents\visual studio 2010\Projects\cocubes2\cocubes2\cocubes2.vcxproj" (build target(s)) -- FAILED.

Build FAILED.

Time Elapsed 00:00:00.17
